<?xml version="1.0" encoding="UTF-8"?>
<testsuites name="Mocha Tests" time="6.419" tests="1" failures="0">
  <testsuite name="Root Suite" timestamp="2023-03-21T14:48:28" tests="0" file="cypress\e2e\features\Navigation\navigation.feature" time="0.000" failures="0">
  </testsuite>
  <testsuite name="Navigation Bar" timestamp="2023-03-21T14:48:29" tests="1" time="6.348" failures="0">
    <testcase name="Navigation Bar Navigate to the Feature Navigation Bar" time="3.957" classname="Navigate to the Feature Navigation Bar">
    </testcase>
  </testsuite>
</testsuites>