<?xml version="1.0" encoding="UTF-8"?>
<testsuites name="Mocha Tests" time="6.473" tests="1" failures="0">
  <testsuite name="Root Suite" timestamp="2023-03-21T14:37:12" tests="0" file="cypress\e2e\features\Navigation\navigation.feature" time="0.000" failures="0">
  </testsuite>
  <testsuite name="Navigation Bar" timestamp="2023-03-21T14:37:12" tests="1" time="6.407" failures="0">
    <testcase name="Navigation Bar Navigate to the Feature Navigation Bar" time="4.033" classname="Navigate to the Feature Navigation Bar">
    </testcase>
  </testsuite>
</testsuites>