<?xml version="1.0" encoding="UTF-8"?>
<testsuites name="Mocha Tests" time="5.120" tests="1" failures="0">
  <testsuite name="Root Suite" timestamp="2023-03-21T14:48:41" tests="0" file="cypress\support\step_definitions\Login\login.feature" time="0.000" failures="0">
  </testsuite>
  <testsuite name="Login" timestamp="2023-03-21T14:48:41" tests="1" time="5.040" failures="0">
    <testcase name="Login Login with validate credentials" time="2.629" classname="Login with validate credentials">
    </testcase>
  </testsuite>
</testsuites>